<?xml version="1.0" encoding="UTF-8" ?>
<testsuites name="testcase"
             errors="1"
             failures="1"
             tests="2">
  
  <testsuite errors="1" failures="1" hostname="" id=""
    name="testcase" package="testcase" skipped="1"
    tests="2" time="" timestamp="">
    
    
      <testcase name="Testing if element &lt;(//td[@id=&#39;repMax1&#39;])[2]&gt; contains text: &quot;267.13&quot;. Element could not be located.">
        
          <failure message="Expected &quot;267.13&quot; but got: &quot;null&quot;"></failure>
        
        
      </testcase>
    
    
      <system-err>
        Unable to locate element: &quot;(//td[@id=&#39;repMax1&#39;])[2]&quot; using: css selector
      </system-err>
    
    </testsuite>
  
</testsuites>
